[debug] [2020-10-29T14:24:38.554Z] ----------------------------------------------------------------------
[debug] [2020-10-29T14:24:38.569Z] Command:       C:\Program Files\nodejs\node.exe C:\Users\Asus\AppData\Roaming\npm\node_modules\firebase-tools\lib\bin\firebase.js deploy
[debug] [2020-10-29T14:24:38.573Z] CLI Version:   8.14.1
[debug] [2020-10-29T14:24:38.574Z] Platform:      win32
[debug] [2020-10-29T14:24:38.574Z] Node Version:  v12.18.0
[debug] [2020-10-29T14:24:38.888Z] Time:          Thu Oct 29 2020 09:24:38 GMT-0500 (GMT-05:00)
[debug] [2020-10-29T14:24:38.889Z] ----------------------------------------------------------------------
[debug] [2020-10-29T14:24:38.889Z] 
[debug] [2020-10-29T14:24:39.272Z] > command requires scopes: ["email","openid","https://www.googleapis.com/auth/cloudplatformprojects.readonly","https://www.googleapis.com/auth/firebase","https://www.googleapis.com/auth/cloud-platform"]
[debug] [2020-10-29T14:24:39.274Z] > authorizing via signed-in user
[debug] [2020-10-29T14:24:39.276Z] [iam] checking project burgerqueen-ln-fa10b for permissions ["cloudfunctions.functions.create","cloudfunctions.functions.delete","cloudfunctions.functions.get","cloudfunctions.functions.list","cloudfunctions.functions.update","cloudfunctions.operations.get","datastore.indexes.create","datastore.indexes.delete","datastore.indexes.list","datastore.indexes.update","firebase.projects.get","firebasedatabase.instances.update","firebasehosting.sites.update"]
[debug] [2020-10-29T14:24:39.286Z] > refreshing access token with scopes: ["email","https://www.googleapis.com/auth/cloud-platform","https://www.googleapis.com/auth/cloudplatformprojects.readonly","https://www.googleapis.com/auth/firebase","openid"]
[debug] [2020-10-29T14:24:39.287Z] >>> HTTP REQUEST POST https://www.googleapis.com/oauth2/v3/token  
 <request body omitted>
[debug] [2020-10-29T14:24:39.817Z] <<< HTTP RESPONSE 200 {"date":"Thu, 29 Oct 2020 14:24:39 GMT","pragma":"no-cache","cache-control":"no-cache, no-store, max-age=0, must-revalidate","expires":"Mon, 01 Jan 1990 00:00:00 GMT","content-type":"application/json; charset=utf-8","vary":"X-Origin, Referer, Origin,Accept-Encoding","server":"scaffolding on HTTPServer2","x-xss-protection":"0","x-frame-options":"SAMEORIGIN","x-content-type-options":"nosniff","alt-svc":"h3-Q050=\":443\"; ma=2592000,h3-29=\":443\"; ma=2592000,h3-T051=\":443\"; ma=2592000,h3-T050=\":443\"; ma=2592000,h3-Q046=\":443\"; ma=2592000,h3-Q043=\":443\"; ma=2592000,quic=\":443\"; ma=2592000; v=\"46,43\"","accept-ranges":"none","transfer-encoding":"chunked"}
[debug] [2020-10-29T14:24:39.940Z] >>> HTTP REQUEST POST https://cloudresourcemanager.googleapis.com/v1/projects/burgerqueen-ln-fa10b:testIamPermissions  
 {"permissions":["cloudfunctions.functions.create","cloudfunctions.functions.delete","cloudfunctions.functions.get","cloudfunctions.functions.list","cloudfunctions.functions.update","cloudfunctions.operations.get","datastore.indexes.create","datastore.indexes.delete","datastore.indexes.list","datastore.indexes.update","firebase.projects.get","firebasedatabase.instances.update","firebasehosting.sites.update"]}
[debug] [2020-10-29T14:24:41.231Z] <<< HTTP RESPONSE 200 {"content-type":"application/json; charset=UTF-8","vary":"X-Origin, Referer, Origin,Accept-Encoding","date":"Thu, 29 Oct 2020 14:24:40 GMT","server":"ESF","cache-control":"private","x-xss-protection":"0","x-frame-options":"SAMEORIGIN","x-content-type-options":"nosniff","server-timing":"gfet4t7; dur=356","alt-svc":"h3-Q050=\":443\"; ma=2592000,h3-29=\":443\"; ma=2592000,h3-T051=\":443\"; ma=2592000,h3-T050=\":443\"; ma=2592000,h3-Q046=\":443\"; ma=2592000,h3-Q043=\":443\"; ma=2592000,quic=\":443\"; ma=2592000; v=\"46,43\"","accept-ranges":"none","transfer-encoding":"chunked"}
[debug] [2020-10-29T14:24:41.235Z] >>> HTTP REQUEST POST https://iam.googleapis.com/v1/projects/burgerqueen-ln-fa10b/serviceAccounts/burgerqueen-ln-fa10b@appspot.gserviceaccount.com:testIamPermissions  
 {"permissions":["iam.serviceAccounts.actAs"]}
[debug] [2020-10-29T14:24:42.112Z] <<< HTTP RESPONSE 200 {"content-type":"application/json; charset=UTF-8","vary":"X-Origin, Referer, Origin,Accept-Encoding","date":"Thu, 29 Oct 2020 14:24:41 GMT","server":"ESF","cache-control":"private","x-xss-protection":"0","x-frame-options":"SAMEORIGIN","x-content-type-options":"nosniff","alt-svc":"h3-Q050=\":443\"; ma=2592000,h3-29=\":443\"; ma=2592000,h3-T051=\":443\"; ma=2592000,h3-T050=\":443\"; ma=2592000,h3-Q046=\":443\"; ma=2592000,h3-Q043=\":443\"; ma=2592000,quic=\":443\"; ma=2592000; v=\"46,43\"","accept-ranges":"none","transfer-encoding":"chunked"}
[debug] [2020-10-29T14:24:42.116Z] >>> HTTP REQUEST GET https://firebase.googleapis.com/v1beta1/projects/burgerqueen-ln-fa10b  
 
[debug] [2020-10-29T14:24:42.639Z] <<< HTTP RESPONSE 200 {"content-type":"application/json; charset=UTF-8","vary":"X-Origin, Referer, Origin,Accept-Encoding","date":"Thu, 29 Oct 2020 14:24:41 GMT","server":"ESF","cache-control":"private","x-xss-protection":"0","x-frame-options":"SAMEORIGIN","x-content-type-options":"nosniff","alt-svc":"h3-Q050=\":443\"; ma=2592000,h3-29=\":443\"; ma=2592000,h3-T051=\":443\"; ma=2592000,h3-T050=\":443\"; ma=2592000,h3-Q046=\":443\"; ma=2592000,h3-Q043=\":443\"; ma=2592000,quic=\":443\"; ma=2592000; v=\"46,43\"","accept-ranges":"none","transfer-encoding":"chunked"}
[debug] [2020-10-29T14:24:42.646Z] >>> HTTP REQUEST GET https://firebase.googleapis.com/v1beta1/projects/burgerqueen-ln-fa10b  
 
[debug] [2020-10-29T14:24:43.341Z] <<< HTTP RESPONSE 200 {"content-type":"application/json; charset=UTF-8","vary":"X-Origin, Referer, Origin,Accept-Encoding","date":"Thu, 29 Oct 2020 14:24:42 GMT","server":"ESF","cache-control":"private","x-xss-protection":"0","x-frame-options":"SAMEORIGIN","x-content-type-options":"nosniff","alt-svc":"h3-Q050=\":443\"; ma=2592000,h3-29=\":443\"; ma=2592000,h3-T051=\":443\"; ma=2592000,h3-T050=\":443\"; ma=2592000,h3-Q046=\":443\"; ma=2592000,h3-Q043=\":443\"; ma=2592000,quic=\":443\"; ma=2592000; v=\"46,43\"","accept-ranges":"none","transfer-encoding":"chunked"}
[warn] !  functions: package.json indicates an outdated version of firebase-functions.
Please upgrade using npm install --save firebase-functions@latest in your functions directory. 
[info] 
[info] === Deploying to 'burgerqueen-ln-fa10b'...
[info] 
[info] i  deploying database, firestore, functions, hosting 
[info] Running command: npm --prefix "%RESOURCE_DIR%" run lint
[info] +  functions: Finished running predeploy script. 
[info] i  database: checking rules syntax... 
[debug] [2020-10-29T14:27:29.423Z] >>> HTTP REQUEST PUT https://burgerqueen-ln-fa10b.firebaseio.com/.settings/rules.json?dryRun=true  
 {
  "rules": {
    ".read": "auth != null",
    ".write": "auth != null"
  }
}
[debug] [2020-10-29T14:27:30.246Z] <<< HTTP RESPONSE 200 {"server":"nginx","date":"Thu, 29 Oct 2020 14:27:29 GMT","content-type":"application/json; charset=utf-8","content-length":"15","connection":"keep-alive","access-control-allow-origin":"*","cache-control":"no-cache","strict-transport-security":"max-age=31556926; includeSubDomains; preload"}
[info] +  database: rules syntax for database burgerqueen-ln-fa10b is valid 
[info] i  firestore: reading indexes from firestore.indexes.json... 
[info] i  cloud.firestore: checking firestore.rules for compilation errors... 
[debug] [2020-10-29T14:27:30.299Z] >>> HTTP REQUEST POST https://firebaserules.googleapis.com/v1/projects/burgerqueen-ln-fa10b:test  
 {"source":{"files":[{"name":"firestore.rules","content":"service cloud.firestore {\r\n  match /databases/{database}/documents {\r\n    match /orders/{id} {\r\n      allow read, write: if true;\r\n    }\r\n\r\n    match /{document=**} {\r\n      allow read, write: if false;\r\n    }\r\n  }\r\n}\r\n"}]}}
[debug] [2020-10-29T14:27:30.944Z] <<< HTTP RESPONSE 200 {"content-type":"application/json; charset=UTF-8","vary":"X-Origin, Referer, Origin,Accept-Encoding","date":"Thu, 29 Oct 2020 14:27:30 GMT","server":"ESF","cache-control":"private","x-xss-protection":"0","x-frame-options":"SAMEORIGIN","x-content-type-options":"nosniff","alt-svc":"h3-Q050=\":443\"; ma=2592000,h3-29=\":443\"; ma=2592000,h3-T051=\":443\"; ma=2592000,h3-T050=\":443\"; ma=2592000,h3-Q046=\":443\"; ma=2592000,h3-Q043=\":443\"; ma=2592000,quic=\":443\"; ma=2592000; v=\"46,43\"","accept-ranges":"none","transfer-encoding":"chunked"}
[warn] !  [W] undefined:undefined - Ruleset uses old version (version [1]). Please update to the latest version (version [2]). 
[info] +  cloud.firestore: rules file firestore.rules compiled successfully 
[debug] [2020-10-29T14:27:30.951Z] > [functions] package.json contents: {
  "name": "functions",
  "description": "Cloud Functions for Firebase",
  "private": true,
  "scripts": {
    "lint": "eslint .",
    "serve": "firebase serve --only functions",
    "shell": "firebase functions:shell",
    "start": "npm run shell",
    "deploy": "firebase deploy --only functions",
    "logs": "firebase functions:log"
  },
  "dependencies": {
    "firebase-admin": "~6.0.0",
    "firebase-functions": "^2.0.3"
  },
  "devDependencies": {
    "eslint": "^4.12.0",
    "eslint-plugin-promise": "^3.6.0"
  }
}
[info] i  functions: ensuring required API cloudfunctions.googleapis.com is enabled... 
[debug] [2020-10-29T14:27:36.337Z] >>> HTTP REQUEST GET https://serviceusage.googleapis.com/v1/projects/burgerqueen-ln-fa10b/services/cloudfunctions.googleapis.com  
 
[debug] [2020-10-29T14:27:36.337Z] >>> HTTP REQUEST GET https://serviceusage.googleapis.com/v1/projects/burgerqueen-ln-fa10b/services/runtimeconfig.googleapis.com  
 
[debug] [2020-10-29T14:27:37.308Z] <<< HTTP RESPONSE 200 {"content-type":"application/json; charset=UTF-8","vary":"X-Origin, Referer, Origin,Accept-Encoding","date":"Thu, 29 Oct 2020 14:27:36 GMT","server":"ESF","cache-control":"private","x-xss-protection":"0","x-frame-options":"SAMEORIGIN","x-content-type-options":"nosniff","alt-svc":"h3-Q050=\":443\"; ma=2592000,h3-29=\":443\"; ma=2592000,h3-T051=\":443\"; ma=2592000,h3-T050=\":443\"; ma=2592000,h3-Q046=\":443\"; ma=2592000,h3-Q043=\":443\"; ma=2592000,quic=\":443\"; ma=2592000; v=\"46,43\"","accept-ranges":"none","transfer-encoding":"chunked"}
[debug] [2020-10-29T14:27:37.531Z] <<< HTTP RESPONSE 200 {"content-type":"application/json; charset=UTF-8","vary":"X-Origin, Referer, Origin,Accept-Encoding","date":"Thu, 29 Oct 2020 14:27:36 GMT","server":"ESF","cache-control":"private","x-xss-protection":"0","x-frame-options":"SAMEORIGIN","x-content-type-options":"nosniff","alt-svc":"h3-Q050=\":443\"; ma=2592000,h3-29=\":443\"; ma=2592000,h3-T051=\":443\"; ma=2592000,h3-T050=\":443\"; ma=2592000,h3-Q046=\":443\"; ma=2592000,h3-Q043=\":443\"; ma=2592000,quic=\":443\"; ma=2592000; v=\"46,43\"","accept-ranges":"none","transfer-encoding":"chunked"}
[info] +  functions: required API cloudfunctions.googleapis.com is enabled 
[debug] [2020-10-29T14:27:37.534Z] >>> HTTP REQUEST GET https://firebase.googleapis.com/v1beta1/projects/burgerqueen-ln-fa10b/adminSdkConfig  
 
[debug] [2020-10-29T14:27:38.113Z] <<< HTTP RESPONSE 200 {"content-type":"application/json; charset=UTF-8","vary":"X-Origin, Referer, Origin,Accept-Encoding","date":"Thu, 29 Oct 2020 14:27:37 GMT","server":"ESF","cache-control":"private","x-xss-protection":"0","x-frame-options":"SAMEORIGIN","x-content-type-options":"nosniff","alt-svc":"h3-Q050=\":443\"; ma=2592000,h3-29=\":443\"; ma=2592000,h3-T051=\":443\"; ma=2592000,h3-T050=\":443\"; ma=2592000,h3-Q046=\":443\"; ma=2592000,h3-Q043=\":443\"; ma=2592000,quic=\":443\"; ma=2592000; v=\"46,43\"","accept-ranges":"none","transfer-encoding":"chunked"}
[debug] [2020-10-29T14:27:38.122Z] >>> HTTP REQUEST POST https://firebasehosting.googleapis.com/v1beta1/sites/burgerqueen-ln-fa10b/versions  
 {"config":{"rewrites":[{"glob":"**","path":"/index.html"}],"headers":[{"glob":"/service-worker.js","headers":{"Cache-Control":"no-cache"}}]},"labels":{"deployment-tool":"cli-firebase"}}
[debug] [2020-10-29T14:27:39.689Z] <<< HTTP RESPONSE 200 {"content-type":"application/json; charset=UTF-8","vary":"X-Origin, Referer, Origin,Accept-Encoding","date":"Thu, 29 Oct 2020 14:27:39 GMT","server":"ESF","cache-control":"private","x-xss-protection":"0","x-frame-options":"SAMEORIGIN","x-content-type-options":"nosniff","alt-svc":"h3-Q050=\":443\"; ma=2592000,h3-29=\":443\"; ma=2592000,h3-T051=\":443\"; ma=2592000,h3-T050=\":443\"; ma=2592000,h3-Q046=\":443\"; ma=2592000,h3-Q043=\":443\"; ma=2592000,quic=\":443\"; ma=2592000; v=\"46,43\"","accept-ranges":"none","transfer-encoding":"chunked"}
[debug] [2020-10-29T14:27:39.715Z] >>> HTTP REQUEST GET https://firebaserules.googleapis.com/v1/projects/burgerqueen-ln-fa10b/releases?pageSize=10&pageToken=  
 
[debug] [2020-10-29T14:27:39.716Z] >>> HTTP REQUEST GET https://firestore.googleapis.com/v1/projects/burgerqueen-ln-fa10b/databases/(default)/collectionGroups/-/indexes  
 
[debug] [2020-10-29T14:27:40.201Z] <<< HTTP RESPONSE 200 {"content-type":"application/json; charset=UTF-8","vary":"X-Origin, Referer, Origin,Accept-Encoding","date":"Thu, 29 Oct 2020 14:27:39 GMT","server":"ESF","cache-control":"private","x-xss-protection":"0","x-frame-options":"SAMEORIGIN","x-content-type-options":"nosniff","alt-svc":"h3-Q050=\":443\"; ma=2592000,h3-29=\":443\"; ma=2592000,h3-T051=\":443\"; ma=2592000,h3-T050=\":443\"; ma=2592000,h3-Q046=\":443\"; ma=2592000,h3-Q043=\":443\"; ma=2592000,quic=\":443\"; ma=2592000; v=\"46,43\"","accept-ranges":"none","transfer-encoding":"chunked"}
[debug] [2020-10-29T14:27:40.204Z] >>> HTTP REQUEST GET https://firebaserules.googleapis.com/v1/projects/burgerqueen-ln-fa10b/rulesets/de713537-e659-448a-8d1d-136e57d625a1  
 
[debug] [2020-10-29T14:27:40.661Z] <<< HTTP RESPONSE 200 {"content-type":"application/json; charset=UTF-8","vary":"X-Origin, Referer, Origin,Accept-Encoding","date":"Thu, 29 Oct 2020 14:27:40 GMT","server":"ESF","cache-control":"private","x-xss-protection":"0","x-frame-options":"SAMEORIGIN","x-content-type-options":"nosniff","alt-svc":"h3-Q050=\":443\"; ma=2592000,h3-29=\":443\"; ma=2592000,h3-T051=\":443\"; ma=2592000,h3-T050=\":443\"; ma=2592000,h3-Q046=\":443\"; ma=2592000,h3-Q043=\":443\"; ma=2592000,quic=\":443\"; ma=2592000; v=\"46,43\"","accept-ranges":"none","transfer-encoding":"chunked"}
[info] i  firestore: latest version of firestore.rules already up to date, skipping upload... 
[debug] [2020-10-29T14:27:41.220Z] <<< HTTP RESPONSE 200 {"content-type":"application/json; charset=UTF-8","vary":"X-Origin, Referer, Origin,Accept-Encoding","date":"Thu, 29 Oct 2020 14:27:40 GMT","server":"ESF","cache-control":"private","x-xss-protection":"0","x-frame-options":"SAMEORIGIN","x-content-type-options":"nosniff","alt-svc":"h3-Q050=\":443\"; ma=2592000,h3-29=\":443\"; ma=2592000,h3-T051=\":443\"; ma=2592000,h3-T050=\":443\"; ma=2592000,h3-Q046=\":443\"; ma=2592000,h3-Q043=\":443\"; ma=2592000,quic=\":443\"; ma=2592000; v=\"46,43\"","accept-ranges":"none","transfer-encoding":"chunked"}
[debug] [2020-10-29T14:27:41.222Z] >>> HTTP REQUEST GET https://firestore.googleapis.com/v1/projects/burgerqueen-ln-fa10b/databases/(default)/collectionGroups/-/fields?filter=indexConfig.usesAncestorConfig=false  
 
[debug] [2020-10-29T14:27:42.722Z] <<< HTTP RESPONSE 200 {"content-type":"application/json; charset=UTF-8","vary":"X-Origin, Referer, Origin,Accept-Encoding","date":"Thu, 29 Oct 2020 14:27:41 GMT","server":"ESF","cache-control":"private","x-xss-protection":"0","x-frame-options":"SAMEORIGIN","x-content-type-options":"nosniff","alt-svc":"h3-Q050=\":443\"; ma=2592000,h3-29=\":443\"; ma=2592000,h3-T051=\":443\"; ma=2592000,h3-T050=\":443\"; ma=2592000,h3-Q046=\":443\"; ma=2592000,h3-Q043=\":443\"; ma=2592000,quic=\":443\"; ma=2592000; v=\"46,43\"","accept-ranges":"none","transfer-encoding":"chunked"}
[info] +  firestore: deployed indexes in firestore.indexes.json successfully 
[info] i  functions: preparing functions directory for uploading... 
[debug] [2020-10-29T14:27:42.768Z] >>> HTTP REQUEST GET https://runtimeconfig.googleapis.com/v1beta1/projects/burgerqueen-ln-fa10b/configs  
 
[debug] [2020-10-29T14:27:44.741Z] <<< HTTP RESPONSE 200 {"content-type":"application/json; charset=UTF-8","vary":"X-Origin, Referer, Origin,Accept-Encoding","date":"Thu, 29 Oct 2020 14:27:44 GMT","server":"ESF","cache-control":"private","x-xss-protection":"0","x-frame-options":"SAMEORIGIN","x-content-type-options":"nosniff","alt-svc":"h3-Q050=\":443\"; ma=2592000,h3-29=\":443\"; ma=2592000,h3-T051=\":443\"; ma=2592000,h3-T050=\":443\"; ma=2592000,h3-Q046=\":443\"; ma=2592000,h3-Q043=\":443\"; ma=2592000,quic=\":443\"; ma=2592000; v=\"46,43\"","accept-ranges":"none","transfer-encoding":"chunked"}
[info] i  functions: packaged functions (59.76 KB) for uploading 
[debug] [2020-10-29T14:27:51.288Z] >>> HTTP REQUEST GET https://cloudfunctions.googleapis.com/v1/projects/burgerqueen-ln-fa10b/locations/-/functions  
 
[debug] [2020-10-29T14:27:52.522Z] <<< HTTP RESPONSE 200 {"content-type":"application/json; charset=UTF-8","vary":"X-Origin, Referer, Origin,Accept-Encoding","date":"Thu, 29 Oct 2020 14:27:51 GMT","server":"ESF","cache-control":"private","x-xss-protection":"0","x-frame-options":"SAMEORIGIN","x-content-type-options":"nosniff","alt-svc":"h3-Q050=\":443\"; ma=2592000,h3-29=\":443\"; ma=2592000,h3-T051=\":443\"; ma=2592000,h3-T050=\":443\"; ma=2592000,h3-Q046=\":443\"; ma=2592000,h3-Q043=\":443\"; ma=2592000,quic=\":443\"; ma=2592000; v=\"46,43\"","accept-ranges":"none","transfer-encoding":"chunked"}
[debug] [2020-10-29T14:27:52.527Z] >>> HTTP REQUEST POST https://cloudfunctions.googleapis.com/v1/projects/burgerqueen-ln-fa10b/locations/us-central1/functions:generateUploadUrl  
 
[debug] [2020-10-29T14:27:53.690Z] <<< HTTP RESPONSE 200 {"content-type":"application/json; charset=UTF-8","vary":"X-Origin, Referer, Origin,Accept-Encoding","date":"Thu, 29 Oct 2020 14:27:53 GMT","server":"ESF","cache-control":"private","x-xss-protection":"0","x-frame-options":"SAMEORIGIN","x-content-type-options":"nosniff","alt-svc":"h3-Q050=\":443\"; ma=2592000,h3-29=\":443\"; ma=2592000,h3-T051=\":443\"; ma=2592000,h3-T050=\":443\"; ma=2592000,h3-Q046=\":443\"; ma=2592000,h3-Q043=\":443\"; ma=2592000,quic=\":443\"; ma=2592000; v=\"46,43\"","accept-ranges":"none","transfer-encoding":"chunked"}
[debug] [2020-10-29T14:27:53.692Z] >>> HTTP REQUEST PUT https://storage.googleapis.com/gcf-upload-us-central1-47baacfe-1c4e-4685-b518-4f54592200f6/1b024cb1-fa50-40c0-a201-233d6a76673b.zip?GoogleAccessId=service-44932893073@gcf-admin-robot.iam.gserviceaccount.com&Expires=1603983472&Signature=YogNp0uNd%2FE7wGhIEKj6Q33Kfn9QbS%2FxmZ%2BLLs7c5fOdCoa2FFBPU6H41XNXro7UASApmx19v61sVVRYxpZ2FDSljGmnMnbJaEzjeF3AtHkl9H1P75QgJAfFpdy3W3Walr%2FY5HdrS5mzrD3C4yTNPTuplBNm0qXZWww7s2pXgzZlzNWwh8WsksURujVfdKtlZwa1LDzT1MuDhwAfqGXQP3%2FU3X15Bcc5Zg01Nq2Ee5TieHzjfGutxPxoCvjSBQfTBXCk9PWxPKh4TAo%2Flc2TqQmvkA1qmIFpJ4bD5GuMUtC4hUzxR%2BjebWCFxMwooGUVMHkYHBWGH1aXiaM1Nwq3IA%3D%3D  
 <request body omitted>
[debug] [2020-10-29T14:27:54.811Z] <<< HTTP RESPONSE 200 {"x-guploader-uploadid":"ABg5-Ux6pyzte1o469WTFxT2YKM_MZu6gvM6ZrcEOHm6llqjTGuwfh-L-puW2fUBLGl5pbf-DBoZtujZf4PpG7SdBgzD_QZr8A","etag":"\"2336b757c873cd5efce0103b09f6e3d9\"","x-goog-generation":"1603981674156704","x-goog-metageneration":"1","x-goog-hash":"crc32c=rcRp/w==, md5=Iza3V8hzzV784BA7Cfbj2Q==","x-goog-stored-content-length":"61198","x-goog-stored-content-encoding":"identity","vary":"Origin","content-length":"0","date":"Thu, 29 Oct 2020 14:27:54 GMT","server":"UploadServer","content-type":"text/html; charset=UTF-8","alt-svc":"h3-Q050=\":443\"; ma=2592000,h3-29=\":443\"; ma=2592000,h3-T051=\":443\"; ma=2592000,h3-T050=\":443\"; ma=2592000,h3-Q046=\":443\"; ma=2592000,h3-Q043=\":443\"; ma=2592000,quic=\":443\"; ma=2592000; v=\"46,43\""}
[info] +  functions: functions folder uploaded successfully 
[info] i  hosting[burgerqueen-ln-fa10b]: beginning deploy... 
[info] i  hosting[burgerqueen-ln-fa10b]: found 6 files in public 
[debug] [2020-10-29T14:27:54.940Z] [hosting] hash cache [cHVibGlj] stored for 6 files
[debug] [2020-10-29T14:27:54.941Z] [hosting][hash queue][FINAL] {"max":5,"min":1,"avg":1,"active":0,"complete":6,"success":6,"errored":0,"retried":0,"total":6,"elapsed":45}
[debug] [2020-10-29T14:27:54.942Z] >>> HTTP REQUEST POST https://firebasehosting.googleapis.com/v1beta1/sites/burgerqueen-ln-fa10b/versions/f1b5d8a45062fe00:populateFiles  
 <request body omitted>
[debug] [2020-10-29T14:27:56.829Z] <<< HTTP RESPONSE 200 {"content-type":"application/json; charset=UTF-8","vary":"X-Origin, Referer, Origin,Accept-Encoding","date":"Thu, 29 Oct 2020 14:27:55 GMT","server":"ESF","cache-control":"private","x-xss-protection":"0","x-frame-options":"SAMEORIGIN","x-content-type-options":"nosniff","alt-svc":"h3-Q050=\":443\"; ma=2592000,h3-29=\":443\"; ma=2592000,h3-T051=\":443\"; ma=2592000,h3-T050=\":443\"; ma=2592000,h3-Q046=\":443\"; ma=2592000,h3-Q043=\":443\"; ma=2592000,quic=\":443\"; ma=2592000; v=\"46,43\"","accept-ranges":"none","transfer-encoding":"chunked"}
[debug] [2020-10-29T14:27:56.832Z] [hosting][populate queue][FINAL] {"max":1928,"min":1928,"avg":1928,"active":0,"complete":1,"success":1,"errored":0,"retried":0,"total":1,"elapsed":1928}
[debug] [2020-10-29T14:27:56.833Z] [hosting] uploads queued: 0
[debug] [2020-10-29T14:27:56.834Z] [hosting][upload queue][FINAL] {"max":0,"min":9999999999,"avg":0,"active":0,"complete":0,"success":0,"errored":0,"retried":0,"total":0,"elapsed":1603981676834}
[info] +  hosting[burgerqueen-ln-fa10b]: file upload complete 
[debug] [2020-10-29T14:27:56.841Z] [hosting] deploy completed after 2022ms
[info] i  database: releasing rules... 
[debug] [2020-10-29T14:27:56.888Z] >>> HTTP REQUEST PUT https://burgerqueen-ln-fa10b.firebaseio.com/.settings/rules.json  
 {
  "rules": {
    ".read": "auth != null",
    ".write": "auth != null"
  }
}
[debug] [2020-10-29T14:27:57.734Z] <<< HTTP RESPONSE 200 {"server":"nginx","date":"Thu, 29 Oct 2020 14:27:57 GMT","content-type":"application/json; charset=utf-8","content-length":"15","connection":"keep-alive","access-control-allow-origin":"*","cache-control":"no-cache","strict-transport-security":"max-age=31556926; includeSubDomains; preload"}
[info] +  database: rules for database burgerqueen-ln-fa10b released successfully 
[debug] [2020-10-29T14:27:57.737Z] [rules] releasing cloud.firestore with ruleset projects/burgerqueen-ln-fa10b/rulesets/de713537-e659-448a-8d1d-136e57d625a1
[debug] [2020-10-29T14:27:57.738Z] >>> HTTP REQUEST PATCH https://firebaserules.googleapis.com/v1/projects/burgerqueen-ln-fa10b/releases/cloud.firestore  
 {"release":{"name":"projects/burgerqueen-ln-fa10b/releases/cloud.firestore","rulesetName":"projects/burgerqueen-ln-fa10b/rulesets/de713537-e659-448a-8d1d-136e57d625a1"}}
[debug] [2020-10-29T14:27:58.432Z] <<< HTTP RESPONSE 200 {"content-type":"application/json; charset=UTF-8","vary":"X-Origin, Referer, Origin,Accept-Encoding","date":"Thu, 29 Oct 2020 14:27:57 GMT","server":"ESF","cache-control":"private","x-xss-protection":"0","x-frame-options":"SAMEORIGIN","x-content-type-options":"nosniff","alt-svc":"h3-Q050=\":443\"; ma=2592000,h3-29=\":443\"; ma=2592000,h3-T051=\":443\"; ma=2592000,h3-T050=\":443\"; ma=2592000,h3-Q046=\":443\"; ma=2592000,h3-Q043=\":443\"; ma=2592000,quic=\":443\"; ma=2592000; v=\"46,43\"","accept-ranges":"none","transfer-encoding":"chunked"}
[debug] [2020-10-29T14:27:58.434Z] [rules] updated release projects/burgerqueen-ln-fa10b/releases/cloud.firestore
[info] +  firestore: released rules firestore.rules to cloud.firestore 
[info] i  functions: updating Node.js 8 (Deprecated) function createProfile(us-central1)... 
[debug] [2020-10-29T14:27:58.469Z] Trigger is:  {"eventTrigger":{"resource":"projects/burgerqueen-ln-fa10b","eventType":"providers/firebase.auth/eventTypes/user.create","service":"firebaseauth.googleapis.com"}}
[info] i  functions: updating Node.js 8 (Deprecated) function deleteProfile(us-central1)... 
[debug] [2020-10-29T14:27:58.520Z] Trigger is:  {"eventTrigger":{"resource":"projects/burgerqueen-ln-fa10b","eventType":"providers/firebase.auth/eventTypes/user.delete","service":"firebaseauth.googleapis.com"}}
[debug] [2020-10-29T14:27:58.531Z] >>> HTTP REQUEST PATCH https://cloudfunctions.googleapis.com/v1/projects/burgerqueen-ln-fa10b/locations/us-central1/functions/createProfile {"updateMask":"sourceUploadUrl,name,labels,runtime,environmentVariables,eventTrigger.resource,eventTrigger.eventType,eventTrigger.service,eventTrigger.failurePolicy"} 
 {"sourceUploadUrl":"https://storage.googleapis.com/gcf-upload-us-central1-47baacfe-1c4e-4685-b518-4f54592200f6/1b024cb1-fa50-40c0-a201-233d6a76673b.zip?GoogleAccessId=service-44932893073@gcf-admin-robot.iam.gserviceaccount.com&Expires=1603983472&Signature=YogNp0uNd%2FE7wGhIEKj6Q33Kfn9QbS%2FxmZ%2BLLs7c5fOdCoa2FFBPU6H41XNXro7UASApmx19v61sVVRYxpZ2FDSljGmnMnbJaEzjeF3AtHkl9H1P75QgJAfFpdy3W3Walr%2FY5HdrS5mzrD3C4yTNPTuplBNm0qXZWww7s2pXgzZlzNWwh8WsksURujVfdKtlZwa1LDzT1MuDhwAfqGXQP3%2FU3X15Bcc5Zg01Nq2Ee5TieHzjfGutxPxoCvjSBQfTBXCk9PWxPKh4TAo%2Flc2TqQmvkA1qmIFpJ4bD5GuMUtC4hUzxR%2BjebWCFxMwooGUVMHkYHBWGH1aXiaM1Nwq3IA%3D%3D","name":"projects/burgerqueen-ln-fa10b/locations/us-central1/functions/createProfile","labels":{"deployment-tool":"cli-firebase"},"eventTrigger":{"resource":"projects/burgerqueen-ln-fa10b","eventType":"providers/firebase.auth/eventTypes/user.create","service":"firebaseauth.googleapis.com"},"runtime":"nodejs8","environmentVariables":{"FIREBASE_CONFIG":"{\"projectId\":\"burgerqueen-ln-fa10b\",\"databaseURL\":\"https://burgerqueen-ln-fa10b.firebaseio.com\",\"storageBucket\":\"burgerqueen-ln-fa10b.appspot.com\",\"locationId\":\"southamerica-east1\"}"}}
[debug] [2020-10-29T14:27:58.533Z] >>> HTTP REQUEST PATCH https://cloudfunctions.googleapis.com/v1/projects/burgerqueen-ln-fa10b/locations/us-central1/functions/deleteProfile {"updateMask":"sourceUploadUrl,name,labels,runtime,environmentVariables,eventTrigger.resource,eventTrigger.eventType,eventTrigger.service,eventTrigger.failurePolicy"} 
 {"sourceUploadUrl":"https://storage.googleapis.com/gcf-upload-us-central1-47baacfe-1c4e-4685-b518-4f54592200f6/1b024cb1-fa50-40c0-a201-233d6a76673b.zip?GoogleAccessId=service-44932893073@gcf-admin-robot.iam.gserviceaccount.com&Expires=1603983472&Signature=YogNp0uNd%2FE7wGhIEKj6Q33Kfn9QbS%2FxmZ%2BLLs7c5fOdCoa2FFBPU6H41XNXro7UASApmx19v61sVVRYxpZ2FDSljGmnMnbJaEzjeF3AtHkl9H1P75QgJAfFpdy3W3Walr%2FY5HdrS5mzrD3C4yTNPTuplBNm0qXZWww7s2pXgzZlzNWwh8WsksURujVfdKtlZwa1LDzT1MuDhwAfqGXQP3%2FU3X15Bcc5Zg01Nq2Ee5TieHzjfGutxPxoCvjSBQfTBXCk9PWxPKh4TAo%2Flc2TqQmvkA1qmIFpJ4bD5GuMUtC4hUzxR%2BjebWCFxMwooGUVMHkYHBWGH1aXiaM1Nwq3IA%3D%3D","name":"projects/burgerqueen-ln-fa10b/locations/us-central1/functions/deleteProfile","labels":{"deployment-tool":"cli-firebase"},"eventTrigger":{"resource":"projects/burgerqueen-ln-fa10b","eventType":"providers/firebase.auth/eventTypes/user.delete","service":"firebaseauth.googleapis.com"},"runtime":"nodejs8","environmentVariables":{"FIREBASE_CONFIG":"{\"projectId\":\"burgerqueen-ln-fa10b\",\"databaseURL\":\"https://burgerqueen-ln-fa10b.firebaseio.com\",\"storageBucket\":\"burgerqueen-ln-fa10b.appspot.com\",\"locationId\":\"southamerica-east1\"}"}}
[debug] [2020-10-29T14:27:59.533Z] <<< HTTP RESPONSE 200 {"content-type":"application/json; charset=UTF-8","vary":"X-Origin, Referer, Origin,Accept-Encoding","date":"Thu, 29 Oct 2020 14:27:58 GMT","server":"ESF","cache-control":"private","x-xss-protection":"0","x-frame-options":"SAMEORIGIN","x-content-type-options":"nosniff","alt-svc":"h3-Q050=\":443\"; ma=2592000,h3-29=\":443\"; ma=2592000,h3-T051=\":443\"; ma=2592000,h3-T050=\":443\"; ma=2592000,h3-Q046=\":443\"; ma=2592000,h3-Q043=\":443\"; ma=2592000,quic=\":443\"; ma=2592000; v=\"46,43\"","accept-ranges":"none","transfer-encoding":"chunked"}
[debug] [2020-10-29T14:27:59.656Z] <<< HTTP RESPONSE 200 {"content-type":"application/json; charset=UTF-8","vary":"X-Origin, Referer, Origin,Accept-Encoding","date":"Thu, 29 Oct 2020 14:27:59 GMT","server":"ESF","cache-control":"private","x-xss-protection":"0","x-frame-options":"SAMEORIGIN","x-content-type-options":"nosniff","alt-svc":"h3-Q050=\":443\"; ma=2592000,h3-29=\":443\"; ma=2592000,h3-T051=\":443\"; ma=2592000,h3-T050=\":443\"; ma=2592000,h3-Q046=\":443\"; ma=2592000,h3-Q043=\":443\"; ma=2592000,quic=\":443\"; ma=2592000; v=\"46,43\"","accept-ranges":"none","transfer-encoding":"chunked"}
[debug] [2020-10-29T14:27:59.659Z] >>> HTTP REQUEST GET https://cloudfunctions.googleapis.com/v1/operations/YnVyZ2VycXVlZW4tbG4tZmExMGIvdXMtY2VudHJhbDEvY3JlYXRlUHJvZmlsZS9GaTBxbFVGd2xUUQ  
 
[debug] [2020-10-29T14:27:59.660Z] >>> HTTP REQUEST GET https://cloudfunctions.googleapis.com/v1/operations/YnVyZ2VycXVlZW4tbG4tZmExMGIvdXMtY2VudHJhbDEvZGVsZXRlUHJvZmlsZS9iQTVmX0NrbkpmWQ  
 
[debug] [2020-10-29T14:28:00.354Z] <<< HTTP RESPONSE 200 {"content-type":"application/json; charset=UTF-8","vary":"X-Origin, Referer, Origin,Accept-Encoding","date":"Thu, 29 Oct 2020 14:27:59 GMT","server":"ESF","cache-control":"private","x-xss-protection":"0","x-frame-options":"SAMEORIGIN","x-content-type-options":"nosniff","alt-svc":"h3-Q050=\":443\"; ma=2592000,h3-29=\":443\"; ma=2592000,h3-T051=\":443\"; ma=2592000,h3-T050=\":443\"; ma=2592000,h3-Q046=\":443\"; ma=2592000,h3-Q043=\":443\"; ma=2592000,quic=\":443\"; ma=2592000; v=\"46,43\"","accept-ranges":"none","transfer-encoding":"chunked"}
[debug] [2020-10-29T14:28:00.397Z] <<< HTTP RESPONSE 200 {"content-type":"application/json; charset=UTF-8","vary":"X-Origin, Referer, Origin,Accept-Encoding","date":"Thu, 29 Oct 2020 14:27:59 GMT","server":"ESF","cache-control":"private","x-xss-protection":"0","x-frame-options":"SAMEORIGIN","x-content-type-options":"nosniff","alt-svc":"h3-Q050=\":443\"; ma=2592000,h3-29=\":443\"; ma=2592000,h3-T051=\":443\"; ma=2592000,h3-T050=\":443\"; ma=2592000,h3-Q046=\":443\"; ma=2592000,h3-Q043=\":443\"; ma=2592000,quic=\":443\"; ma=2592000; v=\"46,43\"","accept-ranges":"none","transfer-encoding":"chunked"}
[debug] [2020-10-29T14:28:02.356Z] >>> HTTP REQUEST GET https://cloudfunctions.googleapis.com/v1/operations/YnVyZ2VycXVlZW4tbG4tZmExMGIvdXMtY2VudHJhbDEvY3JlYXRlUHJvZmlsZS9GaTBxbFVGd2xUUQ  
 
[debug] [2020-10-29T14:28:02.399Z] >>> HTTP REQUEST GET https://cloudfunctions.googleapis.com/v1/operations/YnVyZ2VycXVlZW4tbG4tZmExMGIvdXMtY2VudHJhbDEvZGVsZXRlUHJvZmlsZS9iQTVmX0NrbkpmWQ  
 
[debug] [2020-10-29T14:28:02.952Z] <<< HTTP RESPONSE 200 {"content-type":"application/json; charset=UTF-8","vary":"X-Origin, Referer, Origin,Accept-Encoding","date":"Thu, 29 Oct 2020 14:28:02 GMT","server":"ESF","cache-control":"private","x-xss-protection":"0","x-frame-options":"SAMEORIGIN","x-content-type-options":"nosniff","alt-svc":"h3-Q050=\":443\"; ma=2592000,h3-29=\":443\"; ma=2592000,h3-T051=\":443\"; ma=2592000,h3-T050=\":443\"; ma=2592000,h3-Q046=\":443\"; ma=2592000,h3-Q043=\":443\"; ma=2592000,quic=\":443\"; ma=2592000; v=\"46,43\"","accept-ranges":"none","transfer-encoding":"chunked"}
[debug] [2020-10-29T14:28:03.011Z] <<< HTTP RESPONSE 200 {"content-type":"application/json; charset=UTF-8","vary":"X-Origin, Referer, Origin,Accept-Encoding","date":"Thu, 29 Oct 2020 14:28:02 GMT","server":"ESF","cache-control":"private","x-xss-protection":"0","x-frame-options":"SAMEORIGIN","x-content-type-options":"nosniff","alt-svc":"h3-Q050=\":443\"; ma=2592000,h3-29=\":443\"; ma=2592000,h3-T051=\":443\"; ma=2592000,h3-T050=\":443\"; ma=2592000,h3-Q046=\":443\"; ma=2592000,h3-Q043=\":443\"; ma=2592000,quic=\":443\"; ma=2592000; v=\"46,43\"","accept-ranges":"none","transfer-encoding":"chunked"}
[debug] [2020-10-29T14:28:04.953Z] >>> HTTP REQUEST GET https://cloudfunctions.googleapis.com/v1/operations/YnVyZ2VycXVlZW4tbG4tZmExMGIvdXMtY2VudHJhbDEvY3JlYXRlUHJvZmlsZS9GaTBxbFVGd2xUUQ  
 
[debug] [2020-10-29T14:28:05.014Z] >>> HTTP REQUEST GET https://cloudfunctions.googleapis.com/v1/operations/YnVyZ2VycXVlZW4tbG4tZmExMGIvdXMtY2VudHJhbDEvZGVsZXRlUHJvZmlsZS9iQTVmX0NrbkpmWQ  
 
[debug] [2020-10-29T14:28:05.818Z] <<< HTTP RESPONSE 200 {"content-type":"application/json; charset=UTF-8","vary":"X-Origin, Referer, Origin,Accept-Encoding","date":"Thu, 29 Oct 2020 14:28:05 GMT","server":"ESF","cache-control":"private","x-xss-protection":"0","x-frame-options":"SAMEORIGIN","x-content-type-options":"nosniff","alt-svc":"h3-Q050=\":443\"; ma=2592000,h3-29=\":443\"; ma=2592000,h3-T051=\":443\"; ma=2592000,h3-T050=\":443\"; ma=2592000,h3-Q046=\":443\"; ma=2592000,h3-Q043=\":443\"; ma=2592000,quic=\":443\"; ma=2592000; v=\"46,43\"","accept-ranges":"none","transfer-encoding":"chunked"}
[debug] [2020-10-29T14:28:05.894Z] <<< HTTP RESPONSE 200 {"content-type":"application/json; charset=UTF-8","vary":"X-Origin, Referer, Origin,Accept-Encoding","date":"Thu, 29 Oct 2020 14:28:05 GMT","server":"ESF","cache-control":"private","x-xss-protection":"0","x-frame-options":"SAMEORIGIN","x-content-type-options":"nosniff","alt-svc":"h3-Q050=\":443\"; ma=2592000,h3-29=\":443\"; ma=2592000,h3-T051=\":443\"; ma=2592000,h3-T050=\":443\"; ma=2592000,h3-Q046=\":443\"; ma=2592000,h3-Q043=\":443\"; ma=2592000,quic=\":443\"; ma=2592000; v=\"46,43\"","accept-ranges":"none","transfer-encoding":"chunked"}
[debug] [2020-10-29T14:28:07.820Z] >>> HTTP REQUEST GET https://cloudfunctions.googleapis.com/v1/operations/YnVyZ2VycXVlZW4tbG4tZmExMGIvdXMtY2VudHJhbDEvY3JlYXRlUHJvZmlsZS9GaTBxbFVGd2xUUQ  
 
[debug] [2020-10-29T14:28:07.895Z] >>> HTTP REQUEST GET https://cloudfunctions.googleapis.com/v1/operations/YnVyZ2VycXVlZW4tbG4tZmExMGIvdXMtY2VudHJhbDEvZGVsZXRlUHJvZmlsZS9iQTVmX0NrbkpmWQ  
 
[debug] [2020-10-29T14:28:08.394Z] <<< HTTP RESPONSE 200 {"content-type":"application/json; charset=UTF-8","vary":"X-Origin, Referer, Origin,Accept-Encoding","date":"Thu, 29 Oct 2020 14:28:07 GMT","server":"ESF","cache-control":"private","x-xss-protection":"0","x-frame-options":"SAMEORIGIN","x-content-type-options":"nosniff","alt-svc":"h3-Q050=\":443\"; ma=2592000,h3-29=\":443\"; ma=2592000,h3-T051=\":443\"; ma=2592000,h3-T050=\":443\"; ma=2592000,h3-Q046=\":443\"; ma=2592000,h3-Q043=\":443\"; ma=2592000,quic=\":443\"; ma=2592000; v=\"46,43\"","accept-ranges":"none","transfer-encoding":"chunked"}
[debug] [2020-10-29T14:28:08.544Z] <<< HTTP RESPONSE 200 {"content-type":"application/json; charset=UTF-8","vary":"X-Origin, Referer, Origin,Accept-Encoding","date":"Thu, 29 Oct 2020 14:28:07 GMT","server":"ESF","cache-control":"private","x-xss-protection":"0","x-frame-options":"SAMEORIGIN","x-content-type-options":"nosniff","alt-svc":"h3-Q050=\":443\"; ma=2592000,h3-29=\":443\"; ma=2592000,h3-T051=\":443\"; ma=2592000,h3-T050=\":443\"; ma=2592000,h3-Q046=\":443\"; ma=2592000,h3-Q043=\":443\"; ma=2592000,quic=\":443\"; ma=2592000; v=\"46,43\"","accept-ranges":"none","transfer-encoding":"chunked"}
[debug] [2020-10-29T14:28:10.396Z] >>> HTTP REQUEST GET https://cloudfunctions.googleapis.com/v1/operations/YnVyZ2VycXVlZW4tbG4tZmExMGIvdXMtY2VudHJhbDEvZGVsZXRlUHJvZmlsZS9iQTVmX0NrbkpmWQ  
 
[debug] [2020-10-29T14:28:10.548Z] >>> HTTP REQUEST GET https://cloudfunctions.googleapis.com/v1/operations/YnVyZ2VycXVlZW4tbG4tZmExMGIvdXMtY2VudHJhbDEvY3JlYXRlUHJvZmlsZS9GaTBxbFVGd2xUUQ  
 
[debug] [2020-10-29T14:28:10.884Z] <<< HTTP RESPONSE 200 {"content-type":"application/json; charset=UTF-8","vary":"X-Origin, Referer, Origin,Accept-Encoding","date":"Thu, 29 Oct 2020 14:28:10 GMT","server":"ESF","cache-control":"private","x-xss-protection":"0","x-frame-options":"SAMEORIGIN","x-content-type-options":"nosniff","alt-svc":"h3-Q050=\":443\"; ma=2592000,h3-29=\":443\"; ma=2592000,h3-T051=\":443\"; ma=2592000,h3-T050=\":443\"; ma=2592000,h3-Q046=\":443\"; ma=2592000,h3-Q043=\":443\"; ma=2592000,quic=\":443\"; ma=2592000; v=\"46,43\"","accept-ranges":"none","transfer-encoding":"chunked"}
[debug] [2020-10-29T14:28:11.216Z] <<< HTTP RESPONSE 200 {"content-type":"application/json; charset=UTF-8","vary":"X-Origin, Referer, Origin,Accept-Encoding","date":"Thu, 29 Oct 2020 14:28:10 GMT","server":"ESF","cache-control":"private","x-xss-protection":"0","x-frame-options":"SAMEORIGIN","x-content-type-options":"nosniff","alt-svc":"h3-Q050=\":443\"; ma=2592000,h3-29=\":443\"; ma=2592000,h3-T051=\":443\"; ma=2592000,h3-T050=\":443\"; ma=2592000,h3-Q046=\":443\"; ma=2592000,h3-Q043=\":443\"; ma=2592000,quic=\":443\"; ma=2592000; v=\"46,43\"","accept-ranges":"none","transfer-encoding":"chunked"}
[debug] [2020-10-29T14:28:12.886Z] >>> HTTP REQUEST GET https://cloudfunctions.googleapis.com/v1/operations/YnVyZ2VycXVlZW4tbG4tZmExMGIvdXMtY2VudHJhbDEvZGVsZXRlUHJvZmlsZS9iQTVmX0NrbkpmWQ  
 
[debug] [2020-10-29T14:28:13.217Z] >>> HTTP REQUEST GET https://cloudfunctions.googleapis.com/v1/operations/YnVyZ2VycXVlZW4tbG4tZmExMGIvdXMtY2VudHJhbDEvY3JlYXRlUHJvZmlsZS9GaTBxbFVGd2xUUQ  
 
[debug] [2020-10-29T14:28:13.481Z] <<< HTTP RESPONSE 200 {"content-type":"application/json; charset=UTF-8","vary":"X-Origin, Referer, Origin,Accept-Encoding","date":"Thu, 29 Oct 2020 14:28:12 GMT","server":"ESF","cache-control":"private","x-xss-protection":"0","x-frame-options":"SAMEORIGIN","x-content-type-options":"nosniff","alt-svc":"h3-Q050=\":443\"; ma=2592000,h3-29=\":443\"; ma=2592000,h3-T051=\":443\"; ma=2592000,h3-T050=\":443\"; ma=2592000,h3-Q046=\":443\"; ma=2592000,h3-Q043=\":443\"; ma=2592000,quic=\":443\"; ma=2592000; v=\"46,43\"","accept-ranges":"none","transfer-encoding":"chunked"}
[debug] [2020-10-29T14:28:13.854Z] <<< HTTP RESPONSE 200 {"content-type":"application/json; charset=UTF-8","vary":"X-Origin, Referer, Origin,Accept-Encoding","date":"Thu, 29 Oct 2020 14:28:13 GMT","server":"ESF","cache-control":"private","x-xss-protection":"0","x-frame-options":"SAMEORIGIN","x-content-type-options":"nosniff","alt-svc":"h3-Q050=\":443\"; ma=2592000,h3-29=\":443\"; ma=2592000,h3-T051=\":443\"; ma=2592000,h3-T050=\":443\"; ma=2592000,h3-Q046=\":443\"; ma=2592000,h3-Q043=\":443\"; ma=2592000,quic=\":443\"; ma=2592000; v=\"46,43\"","accept-ranges":"none","transfer-encoding":"chunked"}
[debug] [2020-10-29T14:28:15.482Z] >>> HTTP REQUEST GET https://cloudfunctions.googleapis.com/v1/operations/YnVyZ2VycXVlZW4tbG4tZmExMGIvdXMtY2VudHJhbDEvZGVsZXRlUHJvZmlsZS9iQTVmX0NrbkpmWQ  
 
[debug] [2020-10-29T14:28:15.855Z] >>> HTTP REQUEST GET https://cloudfunctions.googleapis.com/v1/operations/YnVyZ2VycXVlZW4tbG4tZmExMGIvdXMtY2VudHJhbDEvY3JlYXRlUHJvZmlsZS9GaTBxbFVGd2xUUQ  
 
[debug] [2020-10-29T14:28:16.500Z] <<< HTTP RESPONSE 200 {"content-type":"application/json; charset=UTF-8","vary":"X-Origin, Referer, Origin,Accept-Encoding","date":"Thu, 29 Oct 2020 14:28:15 GMT","server":"ESF","cache-control":"private","x-xss-protection":"0","x-frame-options":"SAMEORIGIN","x-content-type-options":"nosniff","alt-svc":"h3-Q050=\":443\"; ma=2592000,h3-29=\":443\"; ma=2592000,h3-T051=\":443\"; ma=2592000,h3-T050=\":443\"; ma=2592000,h3-Q046=\":443\"; ma=2592000,h3-Q043=\":443\"; ma=2592000,quic=\":443\"; ma=2592000; v=\"46,43\"","accept-ranges":"none","transfer-encoding":"chunked"}
[debug] [2020-10-29T14:28:16.969Z] <<< HTTP RESPONSE 200 {"content-type":"application/json; charset=UTF-8","vary":"X-Origin, Referer, Origin,Accept-Encoding","date":"Thu, 29 Oct 2020 14:28:16 GMT","server":"ESF","cache-control":"private","x-xss-protection":"0","x-frame-options":"SAMEORIGIN","x-content-type-options":"nosniff","alt-svc":"h3-Q050=\":443\"; ma=2592000,h3-29=\":443\"; ma=2592000,h3-T051=\":443\"; ma=2592000,h3-T050=\":443\"; ma=2592000,h3-Q046=\":443\"; ma=2592000,h3-Q043=\":443\"; ma=2592000,quic=\":443\"; ma=2592000; v=\"46,43\"","accept-ranges":"none","transfer-encoding":"chunked"}
[debug] [2020-10-29T14:28:18.501Z] >>> HTTP REQUEST GET https://cloudfunctions.googleapis.com/v1/operations/YnVyZ2VycXVlZW4tbG4tZmExMGIvdXMtY2VudHJhbDEvY3JlYXRlUHJvZmlsZS9GaTBxbFVGd2xUUQ  
 
[debug] [2020-10-29T14:28:18.970Z] >>> HTTP REQUEST GET https://cloudfunctions.googleapis.com/v1/operations/YnVyZ2VycXVlZW4tbG4tZmExMGIvdXMtY2VudHJhbDEvZGVsZXRlUHJvZmlsZS9iQTVmX0NrbkpmWQ  
 
[debug] [2020-10-29T14:28:19.440Z] <<< HTTP RESPONSE 200 {"content-type":"application/json; charset=UTF-8","vary":"X-Origin, Referer, Origin,Accept-Encoding","date":"Thu, 29 Oct 2020 14:28:18 GMT","server":"ESF","cache-control":"private","x-xss-protection":"0","x-frame-options":"SAMEORIGIN","x-content-type-options":"nosniff","alt-svc":"h3-Q050=\":443\"; ma=2592000,h3-29=\":443\"; ma=2592000,h3-T051=\":443\"; ma=2592000,h3-T050=\":443\"; ma=2592000,h3-Q046=\":443\"; ma=2592000,h3-Q043=\":443\"; ma=2592000,quic=\":443\"; ma=2592000; v=\"46,43\"","accept-ranges":"none","transfer-encoding":"chunked"}
[debug] [2020-10-29T14:28:19.448Z] <<< HTTP RESPONSE 200 {"content-type":"application/json; charset=UTF-8","vary":"X-Origin, Referer, Origin,Accept-Encoding","date":"Thu, 29 Oct 2020 14:28:18 GMT","server":"ESF","cache-control":"private","x-xss-protection":"0","x-frame-options":"SAMEORIGIN","x-content-type-options":"nosniff","alt-svc":"h3-Q050=\":443\"; ma=2592000,h3-29=\":443\"; ma=2592000,h3-T051=\":443\"; ma=2592000,h3-T050=\":443\"; ma=2592000,h3-Q046=\":443\"; ma=2592000,h3-Q043=\":443\"; ma=2592000,quic=\":443\"; ma=2592000; v=\"46,43\"","accept-ranges":"none","transfer-encoding":"chunked"}
[debug] [2020-10-29T14:28:21.442Z] >>> HTTP REQUEST GET https://cloudfunctions.googleapis.com/v1/operations/YnVyZ2VycXVlZW4tbG4tZmExMGIvdXMtY2VudHJhbDEvY3JlYXRlUHJvZmlsZS9GaTBxbFVGd2xUUQ  
 
[debug] [2020-10-29T14:28:21.452Z] >>> HTTP REQUEST GET https://cloudfunctions.googleapis.com/v1/operations/YnVyZ2VycXVlZW4tbG4tZmExMGIvdXMtY2VudHJhbDEvZGVsZXRlUHJvZmlsZS9iQTVmX0NrbkpmWQ  
 
[debug] [2020-10-29T14:28:21.923Z] <<< HTTP RESPONSE 200 {"content-type":"application/json; charset=UTF-8","vary":"X-Origin, Referer, Origin,Accept-Encoding","date":"Thu, 29 Oct 2020 14:28:21 GMT","server":"ESF","cache-control":"private","x-xss-protection":"0","x-frame-options":"SAMEORIGIN","x-content-type-options":"nosniff","alt-svc":"h3-Q050=\":443\"; ma=2592000,h3-29=\":443\"; ma=2592000,h3-T051=\":443\"; ma=2592000,h3-T050=\":443\"; ma=2592000,h3-Q046=\":443\"; ma=2592000,h3-Q043=\":443\"; ma=2592000,quic=\":443\"; ma=2592000; v=\"46,43\"","accept-ranges":"none","transfer-encoding":"chunked"}
[debug] [2020-10-29T14:28:21.942Z] <<< HTTP RESPONSE 200 {"content-type":"application/json; charset=UTF-8","vary":"X-Origin, Referer, Origin,Accept-Encoding","date":"Thu, 29 Oct 2020 14:28:21 GMT","server":"ESF","cache-control":"private","x-xss-protection":"0","x-frame-options":"SAMEORIGIN","x-content-type-options":"nosniff","alt-svc":"h3-Q050=\":443\"; ma=2592000,h3-29=\":443\"; ma=2592000,h3-T051=\":443\"; ma=2592000,h3-T050=\":443\"; ma=2592000,h3-Q046=\":443\"; ma=2592000,h3-Q043=\":443\"; ma=2592000,quic=\":443\"; ma=2592000; v=\"46,43\"","accept-ranges":"none","transfer-encoding":"chunked"}
[debug] [2020-10-29T14:28:23.926Z] >>> HTTP REQUEST GET https://cloudfunctions.googleapis.com/v1/operations/YnVyZ2VycXVlZW4tbG4tZmExMGIvdXMtY2VudHJhbDEvY3JlYXRlUHJvZmlsZS9GaTBxbFVGd2xUUQ  
 
[debug] [2020-10-29T14:28:23.945Z] >>> HTTP REQUEST GET https://cloudfunctions.googleapis.com/v1/operations/YnVyZ2VycXVlZW4tbG4tZmExMGIvdXMtY2VudHJhbDEvZGVsZXRlUHJvZmlsZS9iQTVmX0NrbkpmWQ  
 
[debug] [2020-10-29T14:28:24.663Z] <<< HTTP RESPONSE 200 {"content-type":"application/json; charset=UTF-8","vary":"X-Origin, Referer, Origin,Accept-Encoding","date":"Thu, 29 Oct 2020 14:28:23 GMT","server":"ESF","cache-control":"private","x-xss-protection":"0","x-frame-options":"SAMEORIGIN","x-content-type-options":"nosniff","alt-svc":"h3-Q050=\":443\"; ma=2592000,h3-29=\":443\"; ma=2592000,h3-T051=\":443\"; ma=2592000,h3-T050=\":443\"; ma=2592000,h3-Q046=\":443\"; ma=2592000,h3-Q043=\":443\"; ma=2592000,quic=\":443\"; ma=2592000; v=\"46,43\"","accept-ranges":"none","transfer-encoding":"chunked"}
[debug] [2020-10-29T14:28:24.838Z] <<< HTTP RESPONSE 200 {"content-type":"application/json; charset=UTF-8","vary":"X-Origin, Referer, Origin,Accept-Encoding","date":"Thu, 29 Oct 2020 14:28:24 GMT","server":"ESF","cache-control":"private","x-xss-protection":"0","x-frame-options":"SAMEORIGIN","x-content-type-options":"nosniff","alt-svc":"h3-Q050=\":443\"; ma=2592000,h3-29=\":443\"; ma=2592000,h3-T051=\":443\"; ma=2592000,h3-T050=\":443\"; ma=2592000,h3-Q046=\":443\"; ma=2592000,h3-Q043=\":443\"; ma=2592000,quic=\":443\"; ma=2592000; v=\"46,43\"","accept-ranges":"none","transfer-encoding":"chunked"}
[debug] [2020-10-29T14:28:26.667Z] >>> HTTP REQUEST GET https://cloudfunctions.googleapis.com/v1/operations/YnVyZ2VycXVlZW4tbG4tZmExMGIvdXMtY2VudHJhbDEvY3JlYXRlUHJvZmlsZS9GaTBxbFVGd2xUUQ  
 
[debug] [2020-10-29T14:28:26.840Z] >>> HTTP REQUEST GET https://cloudfunctions.googleapis.com/v1/operations/YnVyZ2VycXVlZW4tbG4tZmExMGIvdXMtY2VudHJhbDEvZGVsZXRlUHJvZmlsZS9iQTVmX0NrbkpmWQ  
 
[debug] [2020-10-29T14:28:27.233Z] <<< HTTP RESPONSE 200 {"content-type":"application/json; charset=UTF-8","vary":"X-Origin, Referer, Origin,Accept-Encoding","date":"Thu, 29 Oct 2020 14:28:26 GMT","server":"ESF","cache-control":"private","x-xss-protection":"0","x-frame-options":"SAMEORIGIN","x-content-type-options":"nosniff","alt-svc":"h3-Q050=\":443\"; ma=2592000,h3-29=\":443\"; ma=2592000,h3-T051=\":443\"; ma=2592000,h3-T050=\":443\"; ma=2592000,h3-Q046=\":443\"; ma=2592000,h3-Q043=\":443\"; ma=2592000,quic=\":443\"; ma=2592000; v=\"46,43\"","accept-ranges":"none","transfer-encoding":"chunked"}
[debug] [2020-10-29T14:28:27.302Z] <<< HTTP RESPONSE 200 {"content-type":"application/json; charset=UTF-8","vary":"X-Origin, Referer, Origin,Accept-Encoding","date":"Thu, 29 Oct 2020 14:28:26 GMT","server":"ESF","cache-control":"private","x-xss-protection":"0","x-frame-options":"SAMEORIGIN","x-content-type-options":"nosniff","alt-svc":"h3-Q050=\":443\"; ma=2592000,h3-29=\":443\"; ma=2592000,h3-T051=\":443\"; ma=2592000,h3-T050=\":443\"; ma=2592000,h3-Q046=\":443\"; ma=2592000,h3-Q043=\":443\"; ma=2592000,quic=\":443\"; ma=2592000; v=\"46,43\"","accept-ranges":"none","transfer-encoding":"chunked"}
[debug] [2020-10-29T14:28:29.235Z] >>> HTTP REQUEST GET https://cloudfunctions.googleapis.com/v1/operations/YnVyZ2VycXVlZW4tbG4tZmExMGIvdXMtY2VudHJhbDEvY3JlYXRlUHJvZmlsZS9GaTBxbFVGd2xUUQ  
 
[debug] [2020-10-29T14:28:29.306Z] >>> HTTP REQUEST GET https://cloudfunctions.googleapis.com/v1/operations/YnVyZ2VycXVlZW4tbG4tZmExMGIvdXMtY2VudHJhbDEvZGVsZXRlUHJvZmlsZS9iQTVmX0NrbkpmWQ  
 
[debug] [2020-10-29T14:28:29.848Z] <<< HTTP RESPONSE 200 {"content-type":"application/json; charset=UTF-8","vary":"X-Origin, Referer, Origin,Accept-Encoding","date":"Thu, 29 Oct 2020 14:28:29 GMT","server":"ESF","cache-control":"private","x-xss-protection":"0","x-frame-options":"SAMEORIGIN","x-content-type-options":"nosniff","alt-svc":"h3-Q050=\":443\"; ma=2592000,h3-29=\":443\"; ma=2592000,h3-T051=\":443\"; ma=2592000,h3-T050=\":443\"; ma=2592000,h3-Q046=\":443\"; ma=2592000,h3-Q043=\":443\"; ma=2592000,quic=\":443\"; ma=2592000; v=\"46,43\"","accept-ranges":"none","transfer-encoding":"chunked"}
[debug] [2020-10-29T14:28:29.900Z] <<< HTTP RESPONSE 200 {"content-type":"application/json; charset=UTF-8","vary":"X-Origin, Referer, Origin,Accept-Encoding","date":"Thu, 29 Oct 2020 14:28:29 GMT","server":"ESF","cache-control":"private","x-xss-protection":"0","x-frame-options":"SAMEORIGIN","x-content-type-options":"nosniff","alt-svc":"h3-Q050=\":443\"; ma=2592000,h3-29=\":443\"; ma=2592000,h3-T051=\":443\"; ma=2592000,h3-T050=\":443\"; ma=2592000,h3-Q046=\":443\"; ma=2592000,h3-Q043=\":443\"; ma=2592000,quic=\":443\"; ma=2592000; v=\"46,43\"","accept-ranges":"none","transfer-encoding":"chunked"}
[debug] [2020-10-29T14:28:31.849Z] >>> HTTP REQUEST GET https://cloudfunctions.googleapis.com/v1/operations/YnVyZ2VycXVlZW4tbG4tZmExMGIvdXMtY2VudHJhbDEvZGVsZXRlUHJvZmlsZS9iQTVmX0NrbkpmWQ  
 
[debug] [2020-10-29T14:28:31.902Z] >>> HTTP REQUEST GET https://cloudfunctions.googleapis.com/v1/operations/YnVyZ2VycXVlZW4tbG4tZmExMGIvdXMtY2VudHJhbDEvY3JlYXRlUHJvZmlsZS9GaTBxbFVGd2xUUQ  
 
[debug] [2020-10-29T14:28:32.424Z] <<< HTTP RESPONSE 200 {"content-type":"application/json; charset=UTF-8","vary":"X-Origin, Referer, Origin,Accept-Encoding","date":"Thu, 29 Oct 2020 14:28:31 GMT","server":"ESF","cache-control":"private","x-xss-protection":"0","x-frame-options":"SAMEORIGIN","x-content-type-options":"nosniff","alt-svc":"h3-Q050=\":443\"; ma=2592000,h3-29=\":443\"; ma=2592000,h3-T051=\":443\"; ma=2592000,h3-T050=\":443\"; ma=2592000,h3-Q046=\":443\"; ma=2592000,h3-Q043=\":443\"; ma=2592000,quic=\":443\"; ma=2592000; v=\"46,43\"","accept-ranges":"none","transfer-encoding":"chunked"}
[debug] [2020-10-29T14:28:32.463Z] <<< HTTP RESPONSE 200 {"content-type":"application/json; charset=UTF-8","vary":"X-Origin, Referer, Origin,Accept-Encoding","date":"Thu, 29 Oct 2020 14:28:31 GMT","server":"ESF","cache-control":"private","x-xss-protection":"0","x-frame-options":"SAMEORIGIN","x-content-type-options":"nosniff","alt-svc":"h3-Q050=\":443\"; ma=2592000,h3-29=\":443\"; ma=2592000,h3-T051=\":443\"; ma=2592000,h3-T050=\":443\"; ma=2592000,h3-Q046=\":443\"; ma=2592000,h3-Q043=\":443\"; ma=2592000,quic=\":443\"; ma=2592000; v=\"46,43\"","accept-ranges":"none","transfer-encoding":"chunked"}
[debug] [2020-10-29T14:28:34.426Z] >>> HTTP REQUEST GET https://cloudfunctions.googleapis.com/v1/operations/YnVyZ2VycXVlZW4tbG4tZmExMGIvdXMtY2VudHJhbDEvY3JlYXRlUHJvZmlsZS9GaTBxbFVGd2xUUQ  
 
[debug] [2020-10-29T14:28:34.464Z] >>> HTTP REQUEST GET https://cloudfunctions.googleapis.com/v1/operations/YnVyZ2VycXVlZW4tbG4tZmExMGIvdXMtY2VudHJhbDEvZGVsZXRlUHJvZmlsZS9iQTVmX0NrbkpmWQ  
 
[debug] [2020-10-29T14:28:37.241Z] <<< HTTP RESPONSE 200 {"content-type":"application/json; charset=UTF-8","vary":"X-Origin, Referer, Origin,Accept-Encoding","date":"Thu, 29 Oct 2020 14:28:36 GMT","server":"ESF","cache-control":"private","x-xss-protection":"0","x-frame-options":"SAMEORIGIN","x-content-type-options":"nosniff","alt-svc":"h3-Q050=\":443\"; ma=2592000,h3-29=\":443\"; ma=2592000,h3-T051=\":443\"; ma=2592000,h3-T050=\":443\"; ma=2592000,h3-Q046=\":443\"; ma=2592000,h3-Q043=\":443\"; ma=2592000,quic=\":443\"; ma=2592000; v=\"46,43\"","accept-ranges":"none","transfer-encoding":"chunked"}
[debug] [2020-10-29T14:28:39.244Z] >>> HTTP REQUEST GET https://cloudfunctions.googleapis.com/v1/operations/YnVyZ2VycXVlZW4tbG4tZmExMGIvdXMtY2VudHJhbDEvY3JlYXRlUHJvZmlsZS9GaTBxbFVGd2xUUQ  
 
[debug] [2020-10-29T14:29:01.597Z] [functions] failed to get status of operation: operations/YnVyZ2VycXVlZW4tbG4tZmExMGIvdXMtY2VudHJhbDEvY3JlYXRlUHJvZmlsZS9GaTBxbFVGd2xUUQ
[debug] [2020-10-29T14:29:01.597Z] [functions] Server Error. read ECONNRESET
[debug] [2020-10-29T14:29:05.601Z] >>> HTTP REQUEST GET https://cloudfunctions.googleapis.com/v1/operations/YnVyZ2VycXVlZW4tbG4tZmExMGIvdXMtY2VudHJhbDEvY3JlYXRlUHJvZmlsZS9GaTBxbFVGd2xUUQ  
 
[debug] [2020-10-29T14:29:26.655Z] [functions] failed to get status of operation: operations/YnVyZ2VycXVlZW4tbG4tZmExMGIvdXMtY2VudHJhbDEvY3JlYXRlUHJvZmlsZS9GaTBxbFVGd2xUUQ
[debug] [2020-10-29T14:29:26.655Z] [functions] Server Error. connect ETIMEDOUT 172.217.30.202:443
[debug] [2020-10-29T14:29:30.658Z] >>> HTTP REQUEST GET https://cloudfunctions.googleapis.com/v1/operations/YnVyZ2VycXVlZW4tbG4tZmExMGIvdXMtY2VudHJhbDEvY3JlYXRlUHJvZmlsZS9GaTBxbFVGd2xUUQ  
 
[debug] [2020-10-29T14:29:31.600Z] <<< HTTP RESPONSE 200 {"content-type":"application/json; charset=UTF-8","vary":"X-Origin, Referer, Origin,Accept-Encoding","date":"Thu, 29 Oct 2020 14:29:30 GMT","server":"ESF","cache-control":"private","x-xss-protection":"0","x-frame-options":"SAMEORIGIN","x-content-type-options":"nosniff","alt-svc":"h3-Q050=\":443\"; ma=2592000,h3-29=\":443\"; ma=2592000,h3-T051=\":443\"; ma=2592000,h3-T050=\":443\"; ma=2592000,h3-Q046=\":443\"; ma=2592000,h3-Q043=\":443\"; ma=2592000,quic=\":443\"; ma=2592000; v=\"46,43\"","accept-ranges":"none","transfer-encoding":"chunked"}
[warn] !  functions[createProfile(us-central1)]: Deployment error. 
[info] Server Error. connect ETIMEDOUT 172.217.30.202:443
